<?xml version="1.0" encoding="UTF-8"?>
<!-- Generated by org.testng.reporters.JUnitReportReporter -->
<testsuite hostname="5CG0281XKR" failures="0" tests="1" name="calculator.utils.ReadExcelHashMap" time="0.878" errors="0" timestamp="2022-05-08T23:44:09 EEST" skipped="0">
  <testcase classname="calculator.utils.ReadExcelHashMap" name="test1" time="0.878"/>
  <system-out/>
</testsuite> <!-- calculator.utils.ReadExcelHashMap -->
