<?xml version="1.0" encoding="UTF-8"?>
<!-- Generated by org.testng.reporters.JUnitReportReporter -->
<testsuite hostname="5CG0281XKR" failures="0" tests="1" name="calculator.TestCases.userLoginTest" time="8.851" errors="0" timestamp="2022-05-07T23:43:29 EEST" skipped="0">
  <testcase classname="calculator.TestCases.userLoginTest" name="LoginTest" time="8.851"/>
  <system-out/>
</testsuite> <!-- calculator.TestCases.userLoginTest -->
