<?xml version="1.0" encoding="UTF-8"?>
<!-- Generated by org.testng.reporters.JUnitReportReporter -->
<testsuite hostname="AMAC02FP09XQ6LW" failures="0" tests="2" name="calculator.TestCases.BasicCalculatorHome" time="0.479" errors="0" timestamp="2022-05-15T19:03:34 EEST" skipped="0">
  <testcase classname="calculator.TestCases.BasicCalculatorHome" name="SelectBuild" time="0.430"/>
  <system-out/>
  <testcase classname="calculator.TestCases.BasicCalculatorHome" name="OpenHomePage" time="0.049"/>
  <system-out/>
</testsuite> <!-- calculator.TestCases.BasicCalculatorHome -->
